0 info it worked if it ends with ok
1 verbose cli [ '/Users/renarsvilnis/.nvm/versions/node/v6.2.0/bin/node',
1 verbose cli   '/Users/renarsvilnis/.nvm/versions/node/v6.2.0/bin/npm',
1 verbose cli   'run',
1 verbose cli   'push' ]
2 info using npm@3.8.9
3 info using node@v6.2.0
4 verbose run-script [ 'prepush', 'push', 'postpush' ]
5 info lifecycle talks-and-articles@1.0.0~prepush: talks-and-articles@1.0.0
6 silly lifecycle talks-and-articles@1.0.0~prepush: no script for prepush, continuing
7 info lifecycle talks-and-articles@1.0.0~push: talks-and-articles@1.0.0
8 verbose lifecycle talks-and-articles@1.0.0~push: unsafe-perm in lifecycle true
9 verbose lifecycle talks-and-articles@1.0.0~push: PATH: /Users/renarsvilnis/.nvm/versions/node/v6.2.0/lib/node_modules/npm/bin/node-gyp-bin:/Users/renarsvilnis/Documents/talks-and-articles/node_modules/.bin:/Users/renarsvilnis/.nvm/versions/node/v6.2.0/bin:/Users/renarsvilnis/.nvm/versions/node/v6.2.0/bin:/usr/local/sbin:/usr/local/bin:/usr/bin:/bin:/usr/sbin:/sbin:/opt/X11/bin
10 verbose lifecycle talks-and-articles@1.0.0~push: CWD: /Users/renarsvilnis/Documents/talks-and-articles
11 silly lifecycle talks-and-articles@1.0.0~push: Args: [ '-c',
11 silly lifecycle   'git add -A && git commit -m \'New items\' && git push' ]
12 silly lifecycle talks-and-articles@1.0.0~push: Returned: code: 1  signal: null
13 info lifecycle talks-and-articles@1.0.0~push: Failed to exec push script
14 verbose stack Error: talks-and-articles@1.0.0 push: `git add -A && git commit -m 'New items' && git push`
14 verbose stack Exit status 1
14 verbose stack     at EventEmitter.<anonymous> (/Users/renarsvilnis/.nvm/versions/node/v6.2.0/lib/node_modules/npm/lib/utils/lifecycle.js:245:16)
14 verbose stack     at emitTwo (events.js:106:13)
14 verbose stack     at EventEmitter.emit (events.js:191:7)
14 verbose stack     at ChildProcess.<anonymous> (/Users/renarsvilnis/.nvm/versions/node/v6.2.0/lib/node_modules/npm/lib/utils/spawn.js:24:14)
14 verbose stack     at emitTwo (events.js:106:13)
14 verbose stack     at ChildProcess.emit (events.js:191:7)
14 verbose stack     at maybeClose (internal/child_process.js:850:16)
14 verbose stack     at Process.ChildProcess._handle.onexit (internal/child_process.js:215:5)
15 verbose pkgid talks-and-articles@1.0.0
16 verbose cwd /Users/renarsvilnis/Documents/talks-and-articles
17 error Darwin 15.4.0
18 error argv "/Users/renarsvilnis/.nvm/versions/node/v6.2.0/bin/node" "/Users/renarsvilnis/.nvm/versions/node/v6.2.0/bin/npm" "run" "push"
19 error node v6.2.0
20 error npm  v3.8.9
21 error code ELIFECYCLE
22 error talks-and-articles@1.0.0 push: `git add -A && git commit -m 'New items' && git push`
22 error Exit status 1
23 error Failed at the talks-and-articles@1.0.0 push script 'git add -A && git commit -m 'New items' && git push'.
23 error Make sure you have the latest version of node.js and npm installed.
23 error If you do, this is most likely a problem with the talks-and-articles package,
23 error not with npm itself.
23 error Tell the author that this fails on your system:
23 error     git add -A && git commit -m 'New items' && git push
23 error You can get information on how to open an issue for this project with:
23 error     npm bugs talks-and-articles
23 error Or if that isn't available, you can get their info via:
23 error     npm owner ls talks-and-articles
23 error There is likely additional logging output above.
24 verbose exit [ 1, true ]
